[0.013s] Invoking command in '/home/yunyi05/dev_ws/src/ros_7489/build/ros_7489': CMAKE_PREFIX_PATH=/opt/ros/humble /usr/bin/cmake /home/yunyi05/dev_ws/src/ros_7489 -DCMAKE_INSTALL_PREFIX=/home/yunyi05/dev_ws/src/ros_7489/install/ros_7489
[0.192s] -- The C compiler identification is GNU 11.4.0
[0.620s] -- The CXX compiler identification is GNU 11.4.0
[0.912s] -- Detecting C compiler ABI info
[1.032s] -- Detecting C compiler ABI info - done
[1.036s] -- Check for working C compiler: /usr/bin/cc - skipped
[1.037s] -- Detecting C compile features
[1.037s] -- Detecting C compile features - done
[1.040s] -- Detecting CXX compiler ABI info
[1.160s] -- Detecting CXX compiler ABI info - done
[1.165s] -- Check for working CXX compiler: /usr/bin/c++ - skipped
[1.165s] -- Detecting CXX compile features
[1.165s] -- Detecting CXX compile features - done
[1.176s] -- Found ament_cmake: 1.3.10 (/opt/ros/humble/share/ament_cmake/cmake)
[1.281s] -- Found Python3: /usr/bin/python3 (found version "3.10.12") found components: Interpreter 
[1.361s] -- Found rclcpp: 16.0.10 (/opt/ros/humble/share/rclcpp/cmake)
[1.534s] -- Found rosidl_generator_c: 3.1.5 (/opt/ros/humble/share/rosidl_generator_c/cmake)
[1.540s] -- Found rosidl_adapter: 3.1.5 (/opt/ros/humble/share/rosidl_adapter/cmake)
[1.551s] -- Found rosidl_generator_cpp: 3.1.5 (/opt/ros/humble/share/rosidl_generator_cpp/cmake)
[1.567s] -- Using all available rosidl_typesupport_c: rosidl_typesupport_fastrtps_c;rosidl_typesupport_introspection_c
[1.585s] -- Using all available rosidl_typesupport_cpp: rosidl_typesupport_fastrtps_cpp;rosidl_typesupport_introspection_cpp
[1.639s] -- Found rmw_implementation_cmake: 6.1.2 (/opt/ros/humble/share/rmw_implementation_cmake/cmake)
[1.642s] -- Found rmw_fastrtps_cpp: 6.2.7 (/opt/ros/humble/share/rmw_fastrtps_cpp/cmake)
[2.841s] -- Found OpenSSL: /usr/lib/x86_64-linux-gnu/libcrypto.so (found version "3.0.2")  
[4.130s] -- Found FastRTPS: /opt/ros/humble/include  
[6.491s] -- Using RMW implementation 'rmw_fastrtps_cpp' as default
[6.501s] -- Looking for pthread.h
[6.625s] -- Looking for pthread.h - found
[6.625s] -- Performing Test CMAKE_HAVE_LIBC_PTHREAD
[6.737s] -- Performing Test CMAKE_HAVE_LIBC_PTHREAD - Success
[6.738s] -- Found Threads: TRUE  
[6.798s] -- Found turtlesim: 1.4.2 (/opt/ros/humble/share/turtlesim/cmake)
[6.846s] -- Found tf2_ros: 0.25.7 (/opt/ros/humble/share/tf2_ros/cmake)
[6.944s] -- Found ament_lint_auto: 0.12.11 (/opt/ros/humble/share/ament_lint_auto/cmake)
[7.010s] -- Added test 'cppcheck' to perform static code analysis on C / C++ code
[7.010s] -- Configured cppcheck include dirs: 
[7.010s] -- Configured cppcheck exclude dirs and/or files: 
[7.012s] -- Added test 'flake8' to check Python code syntax and style conventions
[7.014s] -- Added test 'lint_cmake' to check CMake code style
[7.016s] -- Added test 'pep257' to check Python code against some of the docstring style conventions in PEP 257
[7.022s] -- Added test 'uncrustify' to check C / C++ code style
[7.022s] -- Configured uncrustify additional arguments: 
[7.023s] -- Added test 'xmllint' to check XML markup files
[7.025s] -- Configuring done
[7.047s] -- Generating done
[7.049s] -- Build files have been written to: /home/yunyi05/dev_ws/src/ros_7489/build/ros_7489
[7.058s] Invoked command in '/home/yunyi05/dev_ws/src/ros_7489/build/ros_7489' returned '0': CMAKE_PREFIX_PATH=/opt/ros/humble /usr/bin/cmake /home/yunyi05/dev_ws/src/ros_7489 -DCMAKE_INSTALL_PREFIX=/home/yunyi05/dev_ws/src/ros_7489/install/ros_7489
[7.061s] Invoking command in '/home/yunyi05/dev_ws/src/ros_7489/build/ros_7489': CMAKE_PREFIX_PATH=/opt/ros/humble /usr/bin/cmake --build /home/yunyi05/dev_ws/src/ros_7489/build/ros_7489 -- -j16 -l16
[7.097s] [  8%] [32mBuilding CXX object CMakeFiles/broadcast_tf.dir/src/broadcast_tf.cpp.o[0m
[7.097s] [ 25%] [32mBuilding CXX object CMakeFiles/spawn_jerry.dir/src/spawn_jerry.cpp.o[0m
[7.097s] [ 25%] [32mBuilding CXX object CMakeFiles/subscribe_jerry_position.dir/src/subscribe_jerry_position.cpp.o[0m
[7.097s] [ 33%] [32mBuilding CXX object CMakeFiles/rotate_jerry.dir/src/rotate_jerry.cpp.o[0m
[7.098s] [ 41%] [32mBuilding CXX object CMakeFiles/follow_jerry.dir/src/follow_jerry.cpp.o[0m
[7.101s] [ 50%] [32mBuilding CXX object CMakeFiles/set_background_color.dir/src/set_background_color.cpp.o[0m
[10.800s] [ 58%] [32m[1mLinking CXX executable set_background_color[0m
[10.857s] [ 66%] [32m[1mLinking CXX executable spawn_jerry[0m
[11.042s] [ 66%] Built target set_background_color
[11.071s] [ 66%] Built target spawn_jerry
[11.438s] [ 75%] [32m[1mLinking CXX executable rotate_jerry[0m
[11.692s] [ 75%] Built target rotate_jerry
[14.634s] [ 83%] [32m[1mLinking CXX executable subscribe_jerry_position[0m
[14.867s] [ 91%] [32m[1mLinking CXX executable broadcast_tf[0m
[14.895s] [100%] [32m[1mLinking CXX executable follow_jerry[0m
[14.977s] [100%] Built target subscribe_jerry_position
[15.230s] [100%] Built target broadcast_tf
[15.250s] [100%] Built target follow_jerry
[15.259s] Invoked command in '/home/yunyi05/dev_ws/src/ros_7489/build/ros_7489' returned '0': CMAKE_PREFIX_PATH=/opt/ros/humble /usr/bin/cmake --build /home/yunyi05/dev_ws/src/ros_7489/build/ros_7489 -- -j16 -l16
[15.296s] Invoking command in '/home/yunyi05/dev_ws/src/ros_7489/build/ros_7489': CMAKE_PREFIX_PATH=/opt/ros/humble /usr/bin/cmake --install /home/yunyi05/dev_ws/src/ros_7489/build/ros_7489
[15.301s] -- Install configuration: ""
[15.302s] -- Installing: /home/yunyi05/dev_ws/src/ros_7489/install/ros_7489/lib/ros_7489/spawn_jerry
[15.303s] -- Set runtime path of "/home/yunyi05/dev_ws/src/ros_7489/install/ros_7489/lib/ros_7489/spawn_jerry" to ""
[15.303s] -- Installing: /home/yunyi05/dev_ws/src/ros_7489/install/ros_7489/lib/ros_7489/subscribe_jerry_position
[15.306s] -- Set runtime path of "/home/yunyi05/dev_ws/src/ros_7489/install/ros_7489/lib/ros_7489/subscribe_jerry_position" to ""
[15.307s] -- Installing: /home/yunyi05/dev_ws/src/ros_7489/install/ros_7489/lib/ros_7489/rotate_jerry
[15.308s] -- Set runtime path of "/home/yunyi05/dev_ws/src/ros_7489/install/ros_7489/lib/ros_7489/rotate_jerry" to ""
[15.308s] -- Installing: /home/yunyi05/dev_ws/src/ros_7489/install/ros_7489/lib/ros_7489/follow_jerry
[15.312s] -- Set runtime path of "/home/yunyi05/dev_ws/src/ros_7489/install/ros_7489/lib/ros_7489/follow_jerry" to ""
[15.312s] -- Installing: /home/yunyi05/dev_ws/src/ros_7489/install/ros_7489/lib/ros_7489/broadcast_tf
[15.316s] -- Set runtime path of "/home/yunyi05/dev_ws/src/ros_7489/install/ros_7489/lib/ros_7489/broadcast_tf" to ""
[15.316s] -- Installing: /home/yunyi05/dev_ws/src/ros_7489/install/ros_7489/lib/ros_7489/set_background_color
[15.317s] -- Set runtime path of "/home/yunyi05/dev_ws/src/ros_7489/install/ros_7489/lib/ros_7489/set_background_color" to ""
[15.317s] -- Installing: /home/yunyi05/dev_ws/src/ros_7489/install/ros_7489/share/ros_7489/
[15.317s] -- Installing: /home/yunyi05/dev_ws/src/ros_7489/install/ros_7489/share/ros_7489//log
[15.317s] -- Installing: /home/yunyi05/dev_ws/src/ros_7489/install/ros_7489/share/ros_7489//log/build_2024-08-15_08-45-03
[15.318s] -- Installing: /home/yunyi05/dev_ws/src/ros_7489/install/ros_7489/share/ros_7489//log/build_2024-08-15_08-45-03/logger_all.log
[15.318s] -- Installing: /home/yunyi05/dev_ws/src/ros_7489/install/ros_7489/share/ros_7489//log/build_2024-08-15_08-45-03/events.log
[15.318s] -- Installing: /home/yunyi05/dev_ws/src/ros_7489/install/ros_7489/share/ros_7489//log/latest
[15.318s] -- Installing: /home/yunyi05/dev_ws/src/ros_7489/install/ros_7489/share/ros_7489//log/build_2024-08-15_08-52-59
[15.319s] -- Installing: /home/yunyi05/dev_ws/src/ros_7489/install/ros_7489/share/ros_7489//log/build_2024-08-15_08-52-59/logger_all.log
[15.319s] -- Installing: /home/yunyi05/dev_ws/src/ros_7489/install/ros_7489/share/ros_7489//log/build_2024-08-15_08-52-59/events.log
[15.320s] -- Installing: /home/yunyi05/dev_ws/src/ros_7489/install/ros_7489/share/ros_7489//log/latest_build
[15.320s] -- Installing: /home/yunyi05/dev_ws/src/ros_7489/install/ros_7489/share/ros_7489//log/COLCON_IGNORE
[15.320s] -- Installing: /home/yunyi05/dev_ws/src/ros_7489/install/ros_7489/share/ros_7489//build
[15.320s] -- Installing: /home/yunyi05/dev_ws/src/ros_7489/install/ros_7489/share/ros_7489//build/.built_by
[15.320s] -- Installing: /home/yunyi05/dev_ws/src/ros_7489/install/ros_7489/share/ros_7489//build/COLCON_IGNORE
[15.321s] -- Installing: /home/yunyi05/dev_ws/src/ros_7489/install/ros_7489/share/ros_7489//spawn_and_control.launch.py
[15.321s] -- Installing: /home/yunyi05/dev_ws/src/ros_7489/install/ros_7489/share/ros_7489//install
[15.321s] -- Installing: /home/yunyi05/dev_ws/src/ros_7489/install/ros_7489/share/ros_7489//install/setup.ps1
[15.321s] -- Installing: /home/yunyi05/dev_ws/src/ros_7489/install/ros_7489/share/ros_7489//install/local_setup.sh
[15.321s] -- Installing: /home/yunyi05/dev_ws/src/ros_7489/install/ros_7489/share/ros_7489//install/setup.sh
[15.322s] -- Installing: /home/yunyi05/dev_ws/src/ros_7489/install/ros_7489/share/ros_7489//install/_local_setup_util_sh.py
[15.322s] -- Installing: /home/yunyi05/dev_ws/src/ros_7489/install/ros_7489/share/ros_7489//install/local_setup.bash
[15.322s] -- Installing: /home/yunyi05/dev_ws/src/ros_7489/install/ros_7489/share/ros_7489//install/.colcon_install_layout
[15.323s] -- Installing: /home/yunyi05/dev_ws/src/ros_7489/install/ros_7489/share/ros_7489//install/local_setup.ps1
[15.323s] -- Installing: /home/yunyi05/dev_ws/src/ros_7489/install/ros_7489/share/ros_7489//install/_local_setup_util_ps1.py
[15.324s] -- Installing: /home/yunyi05/dev_ws/src/ros_7489/install/ros_7489/share/ros_7489//install/COLCON_IGNORE
[15.324s] -- Installing: /home/yunyi05/dev_ws/src/ros_7489/install/ros_7489/share/ros_7489//install/local_setup.zsh
[15.324s] -- Installing: /home/yunyi05/dev_ws/src/ros_7489/install/ros_7489/share/ros_7489//install/setup.bash
[15.324s] -- Installing: /home/yunyi05/dev_ws/src/ros_7489/install/ros_7489/share/ros_7489//install/setup.zsh
[15.325s] -- Installing: /home/yunyi05/dev_ws/src/ros_7489/install/ros_7489/share/ament_index/resource_index/package_run_dependencies/ros_7489
[15.326s] -- Installing: /home/yunyi05/dev_ws/src/ros_7489/install/ros_7489/share/ament_index/resource_index/parent_prefix_path/ros_7489
[15.326s] -- Installing: /home/yunyi05/dev_ws/src/ros_7489/install/ros_7489/share/ros_7489/environment/ament_prefix_path.sh
[15.326s] -- Installing: /home/yunyi05/dev_ws/src/ros_7489/install/ros_7489/share/ros_7489/environment/ament_prefix_path.dsv
[15.326s] -- Installing: /home/yunyi05/dev_ws/src/ros_7489/install/ros_7489/share/ros_7489/environment/path.sh
[15.326s] -- Installing: /home/yunyi05/dev_ws/src/ros_7489/install/ros_7489/share/ros_7489/environment/path.dsv
[15.326s] -- Installing: /home/yunyi05/dev_ws/src/ros_7489/install/ros_7489/share/ros_7489/local_setup.bash
[15.327s] -- Installing: /home/yunyi05/dev_ws/src/ros_7489/install/ros_7489/share/ros_7489/local_setup.sh
[15.327s] -- Installing: /home/yunyi05/dev_ws/src/ros_7489/install/ros_7489/share/ros_7489/local_setup.zsh
[15.327s] -- Installing: /home/yunyi05/dev_ws/src/ros_7489/install/ros_7489/share/ros_7489/local_setup.dsv
[15.327s] -- Installing: /home/yunyi05/dev_ws/src/ros_7489/install/ros_7489/share/ros_7489/package.dsv
[15.327s] -- Installing: /home/yunyi05/dev_ws/src/ros_7489/install/ros_7489/share/ament_index/resource_index/packages/ros_7489
[15.327s] -- Installing: /home/yunyi05/dev_ws/src/ros_7489/install/ros_7489/share/ros_7489/cmake/ros_7489Config.cmake
[15.328s] -- Installing: /home/yunyi05/dev_ws/src/ros_7489/install/ros_7489/share/ros_7489/cmake/ros_7489Config-version.cmake
[15.328s] -- Installing: /home/yunyi05/dev_ws/src/ros_7489/install/ros_7489/share/ros_7489/package.xml
[15.329s] Invoked command in '/home/yunyi05/dev_ws/src/ros_7489/build/ros_7489' returned '0': CMAKE_PREFIX_PATH=/opt/ros/humble /usr/bin/cmake --install /home/yunyi05/dev_ws/src/ros_7489/build/ros_7489
