[0.013s] Invoking command in '/home/yunyi05/dev_ws/build/ros_7489': CMAKE_PREFIX_PATH=/opt/ros/humble /usr/bin/cmake /home/yunyi05/dev_ws/src/ros_7489 -DCMAKE_INSTALL_PREFIX=/home/yunyi05/dev_ws/install/ros_7489
[0.238s] -- The C compiler identification is GNU 11.4.0
[0.740s] -- The CXX compiler identification is GNU 11.4.0
[1.085s] -- Detecting C compiler ABI info
[1.220s] -- Detecting C compiler ABI info - done
[1.224s] -- Check for working C compiler: /usr/bin/cc - skipped
[1.225s] -- Detecting C compile features
[1.226s] -- Detecting C compile features - done
[1.229s] -- Detecting CXX compiler ABI info
[1.358s] -- Detecting CXX compiler ABI info - done
[1.362s] -- Check for working CXX compiler: /usr/bin/c++ - skipped
[1.362s] -- Detecting CXX compile features
[1.362s] -- Detecting CXX compile features - done
[1.383s] -- Found ament_cmake: 1.3.10 (/opt/ros/humble/share/ament_cmake/cmake)
[1.484s] -- Found Python3: /usr/bin/python3 (found version "3.10.12") found components: Interpreter 
[1.568s] -- Found rclcpp: 16.0.10 (/opt/ros/humble/share/rclcpp/cmake)
[1.771s] -- Found rosidl_generator_c: 3.1.5 (/opt/ros/humble/share/rosidl_generator_c/cmake)
[1.776s] -- Found rosidl_adapter: 3.1.5 (/opt/ros/humble/share/rosidl_adapter/cmake)
[1.786s] -- Found rosidl_generator_cpp: 3.1.5 (/opt/ros/humble/share/rosidl_generator_cpp/cmake)
[1.804s] -- Using all available rosidl_typesupport_c: rosidl_typesupport_fastrtps_c;rosidl_typesupport_introspection_c
[1.824s] -- Using all available rosidl_typesupport_cpp: rosidl_typesupport_fastrtps_cpp;rosidl_typesupport_introspection_cpp
[1.877s] -- Found rmw_implementation_cmake: 6.1.2 (/opt/ros/humble/share/rmw_implementation_cmake/cmake)
[1.880s] -- Found rmw_fastrtps_cpp: 6.2.7 (/opt/ros/humble/share/rmw_fastrtps_cpp/cmake)
[3.249s] -- Found OpenSSL: /usr/lib/x86_64-linux-gnu/libcrypto.so (found version "3.0.2")  
[4.715s] -- Found FastRTPS: /opt/ros/humble/include  
[7.410s] -- Using RMW implementation 'rmw_fastrtps_cpp' as default
[7.420s] -- Looking for pthread.h
[7.562s] -- Looking for pthread.h - found
[7.562s] -- Performing Test CMAKE_HAVE_LIBC_PTHREAD
[7.692s] -- Performing Test CMAKE_HAVE_LIBC_PTHREAD - Success
[7.693s] -- Found Threads: TRUE  
[7.751s] -- Found turtlesim: 1.4.2 (/opt/ros/humble/share/turtlesim/cmake)
[7.796s] -- Found tf2_ros: 0.25.7 (/opt/ros/humble/share/tf2_ros/cmake)
[7.895s] -- Found ament_lint_auto: 0.12.11 (/opt/ros/humble/share/ament_lint_auto/cmake)
[7.982s] -- Added test 'cppcheck' to perform static code analysis on C / C++ code
[7.982s] -- Configured cppcheck include dirs: 
[7.982s] -- Configured cppcheck exclude dirs and/or files: 
[7.984s] -- Added test 'flake8' to check Python code syntax and style conventions
[7.987s] -- Added test 'lint_cmake' to check CMake code style
[7.989s] -- Added test 'pep257' to check Python code against some of the docstring style conventions in PEP 257
[8.001s] -- Added test 'uncrustify' to check C / C++ code style
[8.001s] -- Configured uncrustify additional arguments: 
[8.003s] -- Added test 'xmllint' to check XML markup files
[8.005s] -- Configuring done
[8.028s] -- Generating done
[8.029s] -- Build files have been written to: /home/yunyi05/dev_ws/build/ros_7489
[8.046s] Invoked command in '/home/yunyi05/dev_ws/build/ros_7489' returned '0': CMAKE_PREFIX_PATH=/opt/ros/humble /usr/bin/cmake /home/yunyi05/dev_ws/src/ros_7489 -DCMAKE_INSTALL_PREFIX=/home/yunyi05/dev_ws/install/ros_7489
[8.048s] Invoking command in '/home/yunyi05/dev_ws/build/ros_7489': CMAKE_PREFIX_PATH=/opt/ros/humble /usr/bin/cmake --build /home/yunyi05/dev_ws/build/ros_7489 -- -j16 -l16
[8.084s] [ 25%] [32mBuilding CXX object CMakeFiles/subscribe_jerry_position.dir/src/subscribe_jerry_position.cpp.o[0m
[8.084s] [ 25%] [32mBuilding CXX object CMakeFiles/rotate_jerry.dir/src/rotate_jerry.cpp.o[0m
[8.084s] [ 25%] [32mBuilding CXX object CMakeFiles/spawn_jerry.dir/src/spawn_jerry.cpp.o[0m
[8.084s] [ 33%] [32mBuilding CXX object CMakeFiles/set_background_color.dir/src/set_background_color.cpp.o[0m
[8.084s] [ 50%] [32mBuilding CXX object CMakeFiles/broadcast_tf.dir/src/broadcast_tf.cpp.o[0m
[8.084s] [ 50%] [32mBuilding CXX object CMakeFiles/follow_jerry.dir/src/follow_jerry.cpp.o[0m
[11.624s] [ 58%] [32m[1mLinking CXX executable spawn_jerry[0m
[11.640s] [ 66%] [32m[1mLinking CXX executable set_background_color[0m
[11.882s] [ 66%] Built target set_background_color
[11.891s] [ 66%] Built target spawn_jerry
[12.178s] [ 75%] [32m[1mLinking CXX executable rotate_jerry[0m
[12.403s] [ 75%] Built target rotate_jerry
[14.931s] [ 83%] [32m[1mLinking CXX executable subscribe_jerry_position[0m
[15.057s] [ 91%] [32m[1mLinking CXX executable broadcast_tf[0m
[15.218s] [100%] [32m[1mLinking CXX executable follow_jerry[0m
[15.255s] [100%] Built target subscribe_jerry_position
[15.430s] [100%] Built target broadcast_tf
[15.568s] [100%] Built target follow_jerry
[15.577s] Invoked command in '/home/yunyi05/dev_ws/build/ros_7489' returned '0': CMAKE_PREFIX_PATH=/opt/ros/humble /usr/bin/cmake --build /home/yunyi05/dev_ws/build/ros_7489 -- -j16 -l16
[15.615s] Invoking command in '/home/yunyi05/dev_ws/build/ros_7489': CMAKE_PREFIX_PATH=/opt/ros/humble /usr/bin/cmake --install /home/yunyi05/dev_ws/build/ros_7489
[15.620s] -- Install configuration: ""
[15.620s] -- Installing: /home/yunyi05/dev_ws/install/ros_7489/lib/ros_7489/spawn_jerry
[15.621s] -- Set runtime path of "/home/yunyi05/dev_ws/install/ros_7489/lib/ros_7489/spawn_jerry" to ""
[15.621s] -- Installing: /home/yunyi05/dev_ws/install/ros_7489/lib/ros_7489/subscribe_jerry_position
[15.624s] -- Set runtime path of "/home/yunyi05/dev_ws/install/ros_7489/lib/ros_7489/subscribe_jerry_position" to ""
[15.624s] -- Installing: /home/yunyi05/dev_ws/install/ros_7489/lib/ros_7489/rotate_jerry
[15.625s] -- Set runtime path of "/home/yunyi05/dev_ws/install/ros_7489/lib/ros_7489/rotate_jerry" to ""
[15.625s] -- Installing: /home/yunyi05/dev_ws/install/ros_7489/lib/ros_7489/follow_jerry
[15.629s] -- Set runtime path of "/home/yunyi05/dev_ws/install/ros_7489/lib/ros_7489/follow_jerry" to ""
[15.629s] -- Installing: /home/yunyi05/dev_ws/install/ros_7489/lib/ros_7489/broadcast_tf
[15.632s] -- Set runtime path of "/home/yunyi05/dev_ws/install/ros_7489/lib/ros_7489/broadcast_tf" to ""
[15.633s] -- Installing: /home/yunyi05/dev_ws/install/ros_7489/lib/ros_7489/set_background_color
[15.633s] -- Set runtime path of "/home/yunyi05/dev_ws/install/ros_7489/lib/ros_7489/set_background_color" to ""
[15.633s] -- Installing: /home/yunyi05/dev_ws/install/ros_7489/share/ros_7489/
[15.633s] -- Installing: /home/yunyi05/dev_ws/install/ros_7489/share/ros_7489//log
[15.634s] -- Installing: /home/yunyi05/dev_ws/install/ros_7489/share/ros_7489//log/build_2024-08-15_08-45-03
[15.634s] -- Installing: /home/yunyi05/dev_ws/install/ros_7489/share/ros_7489//log/build_2024-08-15_08-45-03/logger_all.log
[15.634s] -- Installing: /home/yunyi05/dev_ws/install/ros_7489/share/ros_7489//log/build_2024-08-15_08-45-03/events.log
[15.635s] -- Installing: /home/yunyi05/dev_ws/install/ros_7489/share/ros_7489//log/latest
[15.635s] -- Installing: /home/yunyi05/dev_ws/install/ros_7489/share/ros_7489//log/build_2024-08-15_08-52-59
[15.635s] -- Installing: /home/yunyi05/dev_ws/install/ros_7489/share/ros_7489//log/build_2024-08-15_08-52-59/logger_all.log
[15.635s] -- Installing: /home/yunyi05/dev_ws/install/ros_7489/share/ros_7489//log/build_2024-08-15_08-52-59/events.log
[15.635s] -- Installing: /home/yunyi05/dev_ws/install/ros_7489/share/ros_7489//log/latest_build
[15.636s] -- Installing: /home/yunyi05/dev_ws/install/ros_7489/share/ros_7489//log/COLCON_IGNORE
[15.636s] -- Installing: /home/yunyi05/dev_ws/install/ros_7489/share/ros_7489//build
[15.636s] -- Installing: /home/yunyi05/dev_ws/install/ros_7489/share/ros_7489//build/.built_by
[15.636s] -- Installing: /home/yunyi05/dev_ws/install/ros_7489/share/ros_7489//build/COLCON_IGNORE
[15.636s] -- Installing: /home/yunyi05/dev_ws/install/ros_7489/share/ros_7489//spawn_and_control.launch.py
[15.637s] -- Installing: /home/yunyi05/dev_ws/install/ros_7489/share/ros_7489//install
[15.637s] -- Installing: /home/yunyi05/dev_ws/install/ros_7489/share/ros_7489//install/setup.ps1
[15.637s] -- Installing: /home/yunyi05/dev_ws/install/ros_7489/share/ros_7489//install/local_setup.sh
[15.638s] -- Installing: /home/yunyi05/dev_ws/install/ros_7489/share/ros_7489//install/setup.sh
[15.638s] -- Installing: /home/yunyi05/dev_ws/install/ros_7489/share/ros_7489//install/_local_setup_util_sh.py
[15.638s] -- Installing: /home/yunyi05/dev_ws/install/ros_7489/share/ros_7489//install/local_setup.bash
[15.639s] -- Installing: /home/yunyi05/dev_ws/install/ros_7489/share/ros_7489//install/.colcon_install_layout
[15.639s] -- Installing: /home/yunyi05/dev_ws/install/ros_7489/share/ros_7489//install/local_setup.ps1
[15.639s] -- Installing: /home/yunyi05/dev_ws/install/ros_7489/share/ros_7489//install/_local_setup_util_ps1.py
[15.640s] -- Installing: /home/yunyi05/dev_ws/install/ros_7489/share/ros_7489//install/COLCON_IGNORE
[15.640s] -- Installing: /home/yunyi05/dev_ws/install/ros_7489/share/ros_7489//install/local_setup.zsh
[15.640s] -- Installing: /home/yunyi05/dev_ws/install/ros_7489/share/ros_7489//install/setup.bash
[15.640s] -- Installing: /home/yunyi05/dev_ws/install/ros_7489/share/ros_7489//install/setup.zsh
[15.641s] -- Installing: /home/yunyi05/dev_ws/install/ros_7489/share/ament_index/resource_index/package_run_dependencies/ros_7489
[15.641s] -- Installing: /home/yunyi05/dev_ws/install/ros_7489/share/ament_index/resource_index/parent_prefix_path/ros_7489
[15.641s] -- Installing: /home/yunyi05/dev_ws/install/ros_7489/share/ros_7489/environment/ament_prefix_path.sh
[15.642s] -- Installing: /home/yunyi05/dev_ws/install/ros_7489/share/ros_7489/environment/ament_prefix_path.dsv
[15.642s] -- Installing: /home/yunyi05/dev_ws/install/ros_7489/share/ros_7489/environment/path.sh
[15.642s] -- Installing: /home/yunyi05/dev_ws/install/ros_7489/share/ros_7489/environment/path.dsv
[15.642s] -- Installing: /home/yunyi05/dev_ws/install/ros_7489/share/ros_7489/local_setup.bash
[15.642s] -- Installing: /home/yunyi05/dev_ws/install/ros_7489/share/ros_7489/local_setup.sh
[15.642s] -- Installing: /home/yunyi05/dev_ws/install/ros_7489/share/ros_7489/local_setup.zsh
[15.642s] -- Installing: /home/yunyi05/dev_ws/install/ros_7489/share/ros_7489/local_setup.dsv
[15.643s] -- Installing: /home/yunyi05/dev_ws/install/ros_7489/share/ros_7489/package.dsv
[15.643s] -- Installing: /home/yunyi05/dev_ws/install/ros_7489/share/ament_index/resource_index/packages/ros_7489
[15.643s] -- Installing: /home/yunyi05/dev_ws/install/ros_7489/share/ros_7489/cmake/ros_7489Config.cmake
[15.643s] -- Installing: /home/yunyi05/dev_ws/install/ros_7489/share/ros_7489/cmake/ros_7489Config-version.cmake
[15.643s] -- Installing: /home/yunyi05/dev_ws/install/ros_7489/share/ros_7489/package.xml
[15.646s] Invoked command in '/home/yunyi05/dev_ws/build/ros_7489' returned '0': CMAKE_PREFIX_PATH=/opt/ros/humble /usr/bin/cmake --install /home/yunyi05/dev_ws/build/ros_7489
