[0.136s] DEBUG:colcon:Command line arguments: ['/usr/bin/colcon', 'build', '--packages-select', 'ros_7489']
[0.136s] DEBUG:colcon:Parsed command line arguments: Namespace(log_base=None, log_level=None, verb_name='build', build_base='build', install_base='install', merge_install=False, symlink_install=False, test_result_base=None, continue_on_error=False, executor='parallel', parallel_workers=16, event_handlers=None, ignore_user_meta=False, metas=['./colcon.meta'], base_paths=['.'], packages_ignore=None, packages_ignore_regex=None, paths=None, packages_up_to=None, packages_up_to_regex=None, packages_above=None, packages_above_and_dependencies=None, packages_above_depth=None, packages_select_by_dep=None, packages_skip_by_dep=None, packages_skip_up_to=None, packages_select_build_failed=False, packages_skip_build_finished=False, packages_select_test_failures=False, packages_skip_test_passed=False, packages_select=['ros_7489'], packages_skip=None, packages_select_regex=None, packages_skip_regex=None, packages_start=None, packages_end=None, allow_overriding=[], cmake_args=None, cmake_target=None, cmake_target_skip_unavailable=False, cmake_clean_cache=False, cmake_clean_first=False, cmake_force_configure=False, ament_cmake_args=None, catkin_cmake_args=None, catkin_skip_building_tests=False, verb_parser=<colcon_defaults.argument_parser.defaults.DefaultArgumentsDecorator object at 0x7fdb2a573880>, verb_extension=<colcon_core.verb.build.BuildVerb object at 0x7fdb2a573340>, main=<bound method BuildVerb.main of <colcon_core.verb.build.BuildVerb object at 0x7fdb2a573340>>)
[0.225s] Level 1:colcon.colcon_core.package_discovery:discover_packages(colcon_meta) check parameters
[0.225s] Level 1:colcon.colcon_core.package_discovery:discover_packages(recursive) check parameters
[0.225s] Level 1:colcon.colcon_core.package_discovery:discover_packages(ignore) check parameters
[0.225s] Level 1:colcon.colcon_core.package_discovery:discover_packages(path) check parameters
[0.225s] Level 1:colcon.colcon_core.package_discovery:discover_packages(colcon_meta) discover
[0.225s] Level 1:colcon.colcon_core.package_discovery:discover_packages(recursive) discover
[0.225s] INFO:colcon.colcon_core.package_discovery:Crawling recursively for packages in '/home/yunyi05/dev_ws/src/ros_7489'
[0.225s] Level 1:colcon.colcon_core.package_identification:_identify(.) by extensions ['ignore', 'ignore_ament_install']
[0.225s] Level 1:colcon.colcon_core.package_identification:_identify(.) by extension 'ignore'
[0.225s] Level 1:colcon.colcon_core.package_identification:_identify(.) by extension 'ignore_ament_install'
[0.225s] Level 1:colcon.colcon_core.package_identification:_identify(.) by extensions ['colcon_pkg']
[0.225s] Level 1:colcon.colcon_core.package_identification:_identify(.) by extension 'colcon_pkg'
[0.225s] Level 1:colcon.colcon_core.package_identification:_identify(.) by extensions ['colcon_meta']
[0.225s] Level 1:colcon.colcon_core.package_identification:_identify(.) by extension 'colcon_meta'
[0.225s] Level 1:colcon.colcon_core.package_identification:_identify(.) by extensions ['ros']
[0.225s] Level 1:colcon.colcon_core.package_identification:_identify(.) by extension 'ros'
[0.235s] DEBUG:colcon.colcon_core.package_identification:Package '.' with type 'ros.ament_cmake' and name 'ros_7489'
[0.235s] Level 1:colcon.colcon_core.package_discovery:discover_packages(recursive) using defaults
[0.235s] Level 1:colcon.colcon_core.package_discovery:discover_packages(ignore) discover
[0.235s] Level 1:colcon.colcon_core.package_discovery:discover_packages(ignore) using defaults
[0.236s] Level 1:colcon.colcon_core.package_discovery:discover_packages(path) discover
[0.236s] Level 1:colcon.colcon_core.package_discovery:discover_packages(path) using defaults
[0.250s] Level 1:colcon.colcon_core.package_discovery:discover_packages(prefix_path) check parameters
[0.251s] Level 1:colcon.colcon_core.package_discovery:discover_packages(prefix_path) discover
[0.252s] DEBUG:colcon.colcon_installed_package_information.package_discovery:Found 270 installed packages in /opt/ros/humble
[0.253s] Level 1:colcon.colcon_core.package_discovery:discover_packages(prefix_path) using defaults
[0.289s] Level 5:colcon.colcon_core.verb:set package 'ros_7489' build argument 'cmake_args' from command line to 'None'
[0.289s] Level 5:colcon.colcon_core.verb:set package 'ros_7489' build argument 'cmake_target' from command line to 'None'
[0.289s] Level 5:colcon.colcon_core.verb:set package 'ros_7489' build argument 'cmake_target_skip_unavailable' from command line to 'False'
[0.289s] Level 5:colcon.colcon_core.verb:set package 'ros_7489' build argument 'cmake_clean_cache' from command line to 'False'
[0.289s] Level 5:colcon.colcon_core.verb:set package 'ros_7489' build argument 'cmake_clean_first' from command line to 'False'
[0.289s] Level 5:colcon.colcon_core.verb:set package 'ros_7489' build argument 'cmake_force_configure' from command line to 'False'
[0.289s] Level 5:colcon.colcon_core.verb:set package 'ros_7489' build argument 'ament_cmake_args' from command line to 'None'
[0.289s] Level 5:colcon.colcon_core.verb:set package 'ros_7489' build argument 'catkin_cmake_args' from command line to 'None'
[0.289s] Level 5:colcon.colcon_core.verb:set package 'ros_7489' build argument 'catkin_skip_building_tests' from command line to 'False'
[0.289s] DEBUG:colcon.colcon_core.verb:Building package 'ros_7489' with the following arguments: {'ament_cmake_args': None, 'build_base': '/home/yunyi05/dev_ws/src/ros_7489/build/ros_7489', 'catkin_cmake_args': None, 'catkin_skip_building_tests': False, 'cmake_args': None, 'cmake_clean_cache': False, 'cmake_clean_first': False, 'cmake_force_configure': False, 'cmake_target': None, 'cmake_target_skip_unavailable': False, 'install_base': '/home/yunyi05/dev_ws/src/ros_7489/install/ros_7489', 'merge_install': False, 'path': '/home/yunyi05/dev_ws/src/ros_7489', 'symlink_install': False, 'test_result_base': None}
[0.289s] INFO:colcon.colcon_core.executor:Executing jobs using 'parallel' executor
[0.291s] DEBUG:colcon.colcon_parallel_executor.executor.parallel:run_until_complete
[0.291s] INFO:colcon.colcon_ros.task.ament_cmake.build:Building ROS package in '/home/yunyi05/dev_ws/src/ros_7489' with build type 'ament_cmake'
[0.291s] INFO:colcon.colcon_cmake.task.cmake.build:Building CMake package in '/home/yunyi05/dev_ws/src/ros_7489'
[0.294s] INFO:colcon.colcon_core.plugin_system:Skipping extension 'colcon_core.shell.bat': Not used on non-Windows systems
[0.294s] INFO:colcon.colcon_core.shell:Skip shell extension 'powershell' for command environment: Not usable outside of PowerShell
[0.294s] DEBUG:colcon.colcon_core.shell:Skip shell extension 'dsv' for command environment
[0.305s] DEBUG:colcon.colcon_core.event_handler.log_command:Invoking command in '/home/yunyi05/dev_ws/src/ros_7489/build/ros_7489': CMAKE_PREFIX_PATH=/opt/ros/humble /usr/bin/cmake /home/yunyi05/dev_ws/src/ros_7489 -DCMAKE_INSTALL_PREFIX=/home/yunyi05/dev_ws/src/ros_7489/install/ros_7489
[7.350s] DEBUG:colcon.colcon_core.event_handler.log_command:Invoked command in '/home/yunyi05/dev_ws/src/ros_7489/build/ros_7489' returned '0': CMAKE_PREFIX_PATH=/opt/ros/humble /usr/bin/cmake /home/yunyi05/dev_ws/src/ros_7489 -DCMAKE_INSTALL_PREFIX=/home/yunyi05/dev_ws/src/ros_7489/install/ros_7489
[7.353s] DEBUG:colcon.colcon_core.event_handler.log_command:Invoking command in '/home/yunyi05/dev_ws/src/ros_7489/build/ros_7489': CMAKE_PREFIX_PATH=/opt/ros/humble /usr/bin/cmake --build /home/yunyi05/dev_ws/src/ros_7489/build/ros_7489 -- -j16 -l16
[15.551s] DEBUG:colcon.colcon_core.event_handler.log_command:Invoked command in '/home/yunyi05/dev_ws/src/ros_7489/build/ros_7489' returned '0': CMAKE_PREFIX_PATH=/opt/ros/humble /usr/bin/cmake --build /home/yunyi05/dev_ws/src/ros_7489/build/ros_7489 -- -j16 -l16
[15.589s] DEBUG:colcon.colcon_core.event_handler.log_command:Invoking command in '/home/yunyi05/dev_ws/src/ros_7489/build/ros_7489': CMAKE_PREFIX_PATH=/opt/ros/humble /usr/bin/cmake --install /home/yunyi05/dev_ws/src/ros_7489/build/ros_7489
[15.621s] Level 1:colcon.colcon_core.environment:create_environment_scripts_only(ros_7489)
[15.621s] DEBUG:colcon.colcon_core.event_handler.log_command:Invoked command in '/home/yunyi05/dev_ws/src/ros_7489/build/ros_7489' returned '0': CMAKE_PREFIX_PATH=/opt/ros/humble /usr/bin/cmake --install /home/yunyi05/dev_ws/src/ros_7489/build/ros_7489
[15.623s] Level 1:colcon.colcon_core.environment:checking '/home/yunyi05/dev_ws/src/ros_7489/install/ros_7489' for CMake module files
[15.623s] Level 1:colcon.colcon_core.environment:checking '/home/yunyi05/dev_ws/src/ros_7489/install/ros_7489' for CMake config files
[15.624s] Level 1:colcon.colcon_core.shell:create_environment_hook('ros_7489', 'cmake_prefix_path')
[15.624s] INFO:colcon.colcon_core.shell:Creating environment hook '/home/yunyi05/dev_ws/src/ros_7489/install/ros_7489/share/ros_7489/hook/cmake_prefix_path.ps1'
[15.624s] INFO:colcon.colcon_core.shell:Creating environment descriptor '/home/yunyi05/dev_ws/src/ros_7489/install/ros_7489/share/ros_7489/hook/cmake_prefix_path.dsv'
[15.625s] INFO:colcon.colcon_core.shell:Creating environment hook '/home/yunyi05/dev_ws/src/ros_7489/install/ros_7489/share/ros_7489/hook/cmake_prefix_path.sh'
[15.625s] Level 1:colcon.colcon_core.environment:checking '/home/yunyi05/dev_ws/src/ros_7489/install/ros_7489/lib'
[15.625s] Level 1:colcon.colcon_core.environment:checking '/home/yunyi05/dev_ws/src/ros_7489/install/ros_7489/bin'
[15.625s] Level 1:colcon.colcon_core.environment:checking '/home/yunyi05/dev_ws/src/ros_7489/install/ros_7489/lib/pkgconfig/ros_7489.pc'
[15.626s] Level 1:colcon.colcon_core.environment:checking '/home/yunyi05/dev_ws/src/ros_7489/install/ros_7489/lib/python3.10/site-packages'
[15.626s] Level 1:colcon.colcon_core.environment:checking '/home/yunyi05/dev_ws/src/ros_7489/install/ros_7489/bin'
[15.626s] INFO:colcon.colcon_core.shell:Creating package script '/home/yunyi05/dev_ws/src/ros_7489/install/ros_7489/share/ros_7489/package.ps1'
[15.626s] INFO:colcon.colcon_core.shell:Creating package descriptor '/home/yunyi05/dev_ws/src/ros_7489/install/ros_7489/share/ros_7489/package.dsv'
[15.626s] INFO:colcon.colcon_core.shell:Creating package script '/home/yunyi05/dev_ws/src/ros_7489/install/ros_7489/share/ros_7489/package.sh'
[15.627s] INFO:colcon.colcon_core.shell:Creating package script '/home/yunyi05/dev_ws/src/ros_7489/install/ros_7489/share/ros_7489/package.bash'
[15.627s] INFO:colcon.colcon_core.shell:Creating package script '/home/yunyi05/dev_ws/src/ros_7489/install/ros_7489/share/ros_7489/package.zsh'
[15.628s] Level 1:colcon.colcon_core.environment:create_file_with_runtime_dependencies(/home/yunyi05/dev_ws/src/ros_7489/install/ros_7489/share/colcon-core/packages/ros_7489)
[15.658s] Level 1:colcon.colcon_core.environment:create_environment_scripts_only(ros_7489)
[15.658s] Level 1:colcon.colcon_core.environment:checking '/home/yunyi05/dev_ws/src/ros_7489/install/ros_7489' for CMake module files
[15.658s] Level 1:colcon.colcon_core.environment:checking '/home/yunyi05/dev_ws/src/ros_7489/install/ros_7489' for CMake config files
[15.659s] Level 1:colcon.colcon_core.shell:create_environment_hook('ros_7489', 'cmake_prefix_path')
[15.659s] INFO:colcon.colcon_core.shell:Creating environment hook '/home/yunyi05/dev_ws/src/ros_7489/install/ros_7489/share/ros_7489/hook/cmake_prefix_path.ps1'
[15.659s] INFO:colcon.colcon_core.shell:Creating environment descriptor '/home/yunyi05/dev_ws/src/ros_7489/install/ros_7489/share/ros_7489/hook/cmake_prefix_path.dsv'
[15.659s] INFO:colcon.colcon_core.shell:Creating environment hook '/home/yunyi05/dev_ws/src/ros_7489/install/ros_7489/share/ros_7489/hook/cmake_prefix_path.sh'
[15.660s] Level 1:colcon.colcon_core.environment:checking '/home/yunyi05/dev_ws/src/ros_7489/install/ros_7489/lib'
[15.660s] Level 1:colcon.colcon_core.environment:checking '/home/yunyi05/dev_ws/src/ros_7489/install/ros_7489/bin'
[15.660s] Level 1:colcon.colcon_core.environment:checking '/home/yunyi05/dev_ws/src/ros_7489/install/ros_7489/lib/pkgconfig/ros_7489.pc'
[15.660s] Level 1:colcon.colcon_core.environment:checking '/home/yunyi05/dev_ws/src/ros_7489/install/ros_7489/lib/python3.10/site-packages'
[15.660s] Level 1:colcon.colcon_core.environment:checking '/home/yunyi05/dev_ws/src/ros_7489/install/ros_7489/bin'
[15.660s] INFO:colcon.colcon_core.shell:Creating package script '/home/yunyi05/dev_ws/src/ros_7489/install/ros_7489/share/ros_7489/package.ps1'
[15.660s] INFO:colcon.colcon_core.shell:Creating package descriptor '/home/yunyi05/dev_ws/src/ros_7489/install/ros_7489/share/ros_7489/package.dsv'
[15.661s] INFO:colcon.colcon_core.shell:Creating package script '/home/yunyi05/dev_ws/src/ros_7489/install/ros_7489/share/ros_7489/package.sh'
[15.661s] INFO:colcon.colcon_core.shell:Creating package script '/home/yunyi05/dev_ws/src/ros_7489/install/ros_7489/share/ros_7489/package.bash'
[15.661s] INFO:colcon.colcon_core.shell:Creating package script '/home/yunyi05/dev_ws/src/ros_7489/install/ros_7489/share/ros_7489/package.zsh'
[15.661s] Level 1:colcon.colcon_core.environment:create_file_with_runtime_dependencies(/home/yunyi05/dev_ws/src/ros_7489/install/ros_7489/share/colcon-core/packages/ros_7489)
[15.662s] DEBUG:colcon.colcon_parallel_executor.executor.parallel:closing loop
[15.662s] DEBUG:colcon.colcon_parallel_executor.executor.parallel:loop closed
[15.662s] DEBUG:colcon.colcon_parallel_executor.executor.parallel:run_until_complete finished with '0'
[15.662s] DEBUG:colcon.colcon_core.event_reactor:joining thread
[15.696s] INFO:colcon.colcon_core.plugin_system:Skipping extension 'colcon_notification.desktop_notification.notify_send': Could not find 'notify-send'
[15.697s] INFO:colcon.colcon_core.plugin_system:Skipping extension 'colcon_notification.desktop_notification.terminal_notifier': Not used on non-Darwin systems
[15.697s] INFO:colcon.colcon_core.plugin_system:Skipping extension 'colcon_notification.desktop_notification.win32': Not used on non-Windows systems
[15.697s] INFO:colcon.colcon_notification.desktop_notification:Sending desktop notification using 'notify2'
[15.697s] DEBUG:colcon.colcon_notification.desktop_notification.notify2:Failed to initialize notify2: org.freedesktop.DBus.Error.FileNotFound: Failed to connect to socket /run/user/1000/bus: No such file or directory
[15.697s] DEBUG:colcon.colcon_core.event_reactor:joined thread
[15.697s] INFO:colcon.colcon_core.shell:Creating prefix script '/home/yunyi05/dev_ws/src/ros_7489/install/local_setup.ps1'
[15.698s] INFO:colcon.colcon_core.shell:Creating prefix util module '/home/yunyi05/dev_ws/src/ros_7489/install/_local_setup_util_ps1.py'
[15.699s] INFO:colcon.colcon_core.shell:Creating prefix chain script '/home/yunyi05/dev_ws/src/ros_7489/install/setup.ps1'
[15.699s] INFO:colcon.colcon_core.shell:Creating prefix script '/home/yunyi05/dev_ws/src/ros_7489/install/local_setup.sh'
[15.699s] INFO:colcon.colcon_core.shell:Creating prefix util module '/home/yunyi05/dev_ws/src/ros_7489/install/_local_setup_util_sh.py'
[15.699s] INFO:colcon.colcon_core.shell:Creating prefix chain script '/home/yunyi05/dev_ws/src/ros_7489/install/setup.sh'
[15.700s] INFO:colcon.colcon_core.shell:Creating prefix script '/home/yunyi05/dev_ws/src/ros_7489/install/local_setup.bash'
[15.700s] INFO:colcon.colcon_core.shell:Creating prefix chain script '/home/yunyi05/dev_ws/src/ros_7489/install/setup.bash'
[15.701s] INFO:colcon.colcon_core.shell:Creating prefix script '/home/yunyi05/dev_ws/src/ros_7489/install/local_setup.zsh'
[15.701s] INFO:colcon.colcon_core.shell:Creating prefix chain script '/home/yunyi05/dev_ws/src/ros_7489/install/setup.zsh'
